<?xml version="1.0" encoding="UTF-8"?>
<!-- Generated by org.testng.reporters.JUnitReportReporter -->
<testsuite hostname="DESKTOP-O5SEV32" failures="0" tests="1" name="utility.A" time="0.031" errors="0" timestamp="2022-03-02T13:34:06 IST" skipped="0">
  <testcase classname="utility.A" name="m1" time="0.031"/>
  <system-out/>
</testsuite> <!-- utility.A -->
